This is pdfTeX, Version 3.141592653-2.6-1.40.25 (TeX Live 2023/Arch Linux) (preloaded format=pdflatex 2023.10.23)  15 DEC 2023 12:02
entering extended mode
 restricted \write18 enabled.
 file:line:error style messages enabled.
 %&-line parsing enabled.
**sop.tex
(./sop.tex
LaTeX2e <2022-11-01> patch level 1
L3 programming layer <2023-02-22> (./sop.aux) ) 
Here is how much of TeX's memory you used:
 32 strings out of 477985
 686 string characters out of 5840057
 1849388 words of memory out of 5000000
 20330 multiletter control sequences out of 15000+600000
 512287 words of font info for 32 fonts, out of 8000000 for 9000
 14 hyphenation exceptions out of 8191
 22i,1n,24p,110b,90s stack positions out of 10000i,1000n,20000p,200000b,200000s

No pages of output.
PDF statistics:
 0 PDF objects out of 1000 (max. 8388607)
 0 named destinations out of 1000 (max. 500000)
 1 words of extra memory for PDF output out of 10000 (max. 10000000)

